[2023-09-19T02:28:41.355+0000] {taskinstance.py:1083} INFO - Dependencies all met for <TaskInstance: your_python_dag.load_model_task manual__2023-09-19T02:27:22.185043+00:00 [queued]>
[2023-09-19T02:28:41.367+0000] {taskinstance.py:1083} INFO - Dependencies all met for <TaskInstance: your_python_dag.load_model_task manual__2023-09-19T02:27:22.185043+00:00 [queued]>
[2023-09-19T02:28:41.368+0000] {taskinstance.py:1279} INFO - 
--------------------------------------------------------------------------------
[2023-09-19T02:28:41.368+0000] {taskinstance.py:1280} INFO - Starting attempt 1 of 1
[2023-09-19T02:28:41.368+0000] {taskinstance.py:1281} INFO - 
--------------------------------------------------------------------------------
[2023-09-19T02:28:41.381+0000] {taskinstance.py:1300} INFO - Executing <Task(PythonOperator): load_model_task> on 2023-09-19 02:27:22.185043+00:00
[2023-09-19T02:28:41.408+0000] {standard_task_runner.py:55} INFO - Started process 1138 to run task
[2023-09-19T02:28:41.415+0000] {standard_task_runner.py:82} INFO - Running: ['***', 'tasks', 'run', 'your_python_dag', 'load_model_task', 'manual__2023-09-19T02:27:22.185043+00:00', '--job-id', '216', '--raw', '--subdir', 'DAGS_FOLDER/***.py', '--cfg-path', '/tmp/tmpba4thje3']
[2023-09-19T02:28:41.418+0000] {standard_task_runner.py:83} INFO - Job 216: Subtask load_model_task
[2023-09-19T02:28:41.503+0000] {task_command.py:388} INFO - Running <TaskInstance: your_python_dag.load_model_task manual__2023-09-19T02:27:22.185043+00:00 [running]> on host 033122e1502e
[2023-09-19T02:28:41.593+0000] {taskinstance.py:1509} INFO - Exporting the following env vars:
AIRFLOW_CTX_DAG_OWNER=your_name
AIRFLOW_CTX_DAG_ID=your_python_dag
AIRFLOW_CTX_TASK_ID=load_model_task
AIRFLOW_CTX_EXECUTION_DATE=2023-09-19T02:27:22.185043+00:00
AIRFLOW_CTX_TRY_NUMBER=1
AIRFLOW_CTX_DAG_RUN_ID=manual__2023-09-19T02:27:22.185043+00:00
[2023-09-19T02:28:41.595+0000] {taskinstance.py:1768} ERROR - Task failed with exception
Traceback (most recent call last):
  File "/home/airflow/.local/lib/python3.7/site-packages/airflow/operators/python.py", line 175, in execute
    return_value = self.execute_callable()
  File "/home/airflow/.local/lib/python3.7/site-packages/airflow/operators/python.py", line 192, in execute_callable
    return self.python_callable(*self.op_args, **self.op_kwargs)
TypeError: load_model() missing 1 required positional argument: 'sse'
[2023-09-19T02:28:41.608+0000] {taskinstance.py:1323} INFO - Marking task as FAILED. dag_id=your_python_dag, task_id=load_model_task, execution_date=20230919T022722, start_date=20230919T022841, end_date=20230919T022841
[2023-09-19T02:28:41.621+0000] {standard_task_runner.py:105} ERROR - Failed to execute job 216 for task load_model_task (load_model() missing 1 required positional argument: 'sse'; 1138)
[2023-09-19T02:28:41.668+0000] {local_task_job.py:208} INFO - Task exited with return code 1
[2023-09-19T02:28:41.703+0000] {taskinstance.py:2578} INFO - 0 downstream tasks scheduled from follow-on schedule check
