[2023-09-17T21:28:08.896+0000] {taskinstance.py:1083} INFO - Dependencies all met for <TaskInstance: your_python_dag.build_save_model_task manual__2023-09-17T21:28:03.398127+00:00 [queued]>
[2023-09-17T21:28:08.901+0000] {taskinstance.py:1083} INFO - Dependencies all met for <TaskInstance: your_python_dag.build_save_model_task manual__2023-09-17T21:28:03.398127+00:00 [queued]>
[2023-09-17T21:28:08.901+0000] {taskinstance.py:1279} INFO - 
--------------------------------------------------------------------------------
[2023-09-17T21:28:08.902+0000] {taskinstance.py:1280} INFO - Starting attempt 1 of 1
[2023-09-17T21:28:08.902+0000] {taskinstance.py:1281} INFO - 
--------------------------------------------------------------------------------
[2023-09-17T21:28:08.908+0000] {taskinstance.py:1300} INFO - Executing <Task(PythonOperator): build_save_model_task> on 2023-09-17 21:28:03.398127+00:00
[2023-09-17T21:28:08.914+0000] {standard_task_runner.py:55} INFO - Started process 1031 to run task
[2023-09-17T21:28:08.917+0000] {standard_task_runner.py:82} INFO - Running: ['***', 'tasks', 'run', 'your_python_dag', 'build_save_model_task', 'manual__2023-09-17T21:28:03.398127+00:00', '--job-id', '123', '--raw', '--subdir', 'DAGS_FOLDER/***.py', '--cfg-path', '/tmp/tmpgk50qb17']
[2023-09-17T21:28:08.919+0000] {standard_task_runner.py:83} INFO - Job 123: Subtask build_save_model_task
[2023-09-17T21:28:08.967+0000] {task_command.py:388} INFO - Running <TaskInstance: your_python_dag.build_save_model_task manual__2023-09-17T21:28:03.398127+00:00 [running]> on host b55550b47356
[2023-09-17T21:28:09.223+0000] {taskinstance.py:1509} INFO - Exporting the following env vars:
AIRFLOW_CTX_DAG_OWNER=your_name
AIRFLOW_CTX_DAG_ID=your_python_dag
AIRFLOW_CTX_TASK_ID=build_save_model_task
AIRFLOW_CTX_EXECUTION_DATE=2023-09-17T21:28:03.398127+00:00
AIRFLOW_CTX_TRY_NUMBER=1
AIRFLOW_CTX_DAG_RUN_ID=manual__2023-09-17T21:28:03.398127+00:00
[2023-09-17T21:28:09.234+0000] {taskinstance.py:1768} ERROR - Task failed with exception
Traceback (most recent call last):
  File "/home/airflow/.local/lib/python3.7/site-packages/airflow/operators/python.py", line 175, in execute
    return_value = self.execute_callable()
  File "/home/airflow/.local/lib/python3.7/site-packages/airflow/operators/python.py", line 192, in execute_callable
    return self.python_callable(*self.op_args, **self.op_kwargs)
  File "/opt/airflow/dags/src/lab2.py", line 62, in build_save_model
    kmeans.fit(df)
  File "/home/airflow/.local/lib/python3.7/site-packages/sklearn/cluster/_kmeans.py", line 1143, in fit
    accept_large_sparse=False,
  File "/home/airflow/.local/lib/python3.7/site-packages/sklearn/base.py", line 566, in _validate_data
    X = check_array(X, **check_params)
  File "/home/airflow/.local/lib/python3.7/site-packages/sklearn/utils/validation.py", line 746, in check_array
    array = np.asarray(array, order=order, dtype=dtype)
  File "/home/airflow/.local/lib/python3.7/site-packages/pandas/core/generic.py", line 1993, in __array__
    return np.asarray(self._values, dtype=dtype)
ValueError: could not convert string to float: 'C10001'
[2023-09-17T21:28:09.248+0000] {taskinstance.py:1323} INFO - Marking task as FAILED. dag_id=your_python_dag, task_id=build_save_model_task, execution_date=20230917T212803, start_date=20230917T212808, end_date=20230917T212809
[2023-09-17T21:28:09.254+0000] {standard_task_runner.py:105} ERROR - Failed to execute job 123 for task build_save_model_task (could not convert string to float: 'C10001'; 1031)
[2023-09-17T21:28:09.294+0000] {local_task_job.py:208} INFO - Task exited with return code 1
[2023-09-17T21:28:09.309+0000] {taskinstance.py:2578} INFO - 0 downstream tasks scheduled from follow-on schedule check
