[2023-09-17T20:32:48.797+0000] {taskinstance.py:1083} INFO - Dependencies all met for <TaskInstance: your_python_dag.load_model_task manual__2023-09-17T20:32:09.466142+00:00 [queued]>
[2023-09-17T20:32:48.810+0000] {taskinstance.py:1083} INFO - Dependencies all met for <TaskInstance: your_python_dag.load_model_task manual__2023-09-17T20:32:09.466142+00:00 [queued]>
[2023-09-17T20:32:48.810+0000] {taskinstance.py:1279} INFO - 
--------------------------------------------------------------------------------
[2023-09-17T20:32:48.811+0000] {taskinstance.py:1280} INFO - Starting attempt 1 of 1
[2023-09-17T20:32:48.811+0000] {taskinstance.py:1281} INFO - 
--------------------------------------------------------------------------------
[2023-09-17T20:32:48.836+0000] {taskinstance.py:1300} INFO - Executing <Task(PythonOperator): load_model_task> on 2023-09-17 20:32:09.466142+00:00
[2023-09-17T20:32:48.870+0000] {standard_task_runner.py:55} INFO - Started process 7771 to run task
[2023-09-17T20:32:48.876+0000] {standard_task_runner.py:82} INFO - Running: ['***', 'tasks', 'run', 'your_python_dag', 'load_model_task', 'manual__2023-09-17T20:32:09.466142+00:00', '--job-id', '101', '--raw', '--subdir', 'DAGS_FOLDER/***.py', '--cfg-path', '/tmp/tmp6gso5k0m']
[2023-09-17T20:32:48.879+0000] {standard_task_runner.py:83} INFO - Job 101: Subtask load_model_task
[2023-09-17T20:32:48.973+0000] {task_command.py:388} INFO - Running <TaskInstance: your_python_dag.load_model_task manual__2023-09-17T20:32:09.466142+00:00 [running]> on host 80c059a34b8e
[2023-09-17T20:32:49.024+0000] {taskinstance.py:1509} INFO - Exporting the following env vars:
AIRFLOW_CTX_DAG_OWNER=your_name
AIRFLOW_CTX_DAG_ID=your_python_dag
AIRFLOW_CTX_TASK_ID=load_model_task
AIRFLOW_CTX_EXECUTION_DATE=2023-09-17T20:32:09.466142+00:00
AIRFLOW_CTX_TRY_NUMBER=1
AIRFLOW_CTX_DAG_RUN_ID=manual__2023-09-17T20:32:09.466142+00:00
[2023-09-17T20:32:49.061+0000] {warnings.py:110} WARNING - /home/***/.local/lib/python3.7/site-packages/sklearn/base.py:493: FutureWarning: The feature names should match those that were passed during fit. Starting version 1.2, an error will be raised.
Feature names unseen at fit time:
- BALANCE_FREQUENCY
- CASH_ADVANCE
- CASH_ADVANCE_FREQUENCY
- CASH_ADVANCE_TRX
- CUST_ID
- ...
Feature names must be in the same order as they were in fit.

  warnings.warn(message, FutureWarning)

[2023-09-17T20:32:49.070+0000] {taskinstance.py:1768} ERROR - Task failed with exception
Traceback (most recent call last):
  File "/home/airflow/.local/lib/python3.7/site-packages/airflow/operators/python.py", line 175, in execute
    return_value = self.execute_callable()
  File "/home/airflow/.local/lib/python3.7/site-packages/airflow/operators/python.py", line 192, in execute_callable
    return self.python_callable(*self.op_args, **self.op_kwargs)
  File "/opt/airflow/dags/src/lab2.py", line 99, in load_model
    return loaded_model.predict(df)
  File "/home/airflow/.local/lib/python3.7/site-packages/sklearn/cluster/_kmeans.py", line 1330, in predict
    X = self._check_test_data(X)
  File "/home/airflow/.local/lib/python3.7/site-packages/sklearn/cluster/_kmeans.py", line 1013, in _check_test_data
    accept_large_sparse=False,
  File "/home/airflow/.local/lib/python3.7/site-packages/sklearn/base.py", line 566, in _validate_data
    X = check_array(X, **check_params)
  File "/home/airflow/.local/lib/python3.7/site-packages/sklearn/utils/validation.py", line 746, in check_array
    array = np.asarray(array, order=order, dtype=dtype)
  File "/home/airflow/.local/lib/python3.7/site-packages/pandas/core/generic.py", line 1993, in __array__
    return np.asarray(self._values, dtype=dtype)
ValueError: could not convert string to float: 'C10001'
[2023-09-17T20:32:49.085+0000] {taskinstance.py:1323} INFO - Marking task as FAILED. dag_id=your_python_dag, task_id=load_model_task, execution_date=20230917T203209, start_date=20230917T203248, end_date=20230917T203249
[2023-09-17T20:32:49.092+0000] {standard_task_runner.py:105} ERROR - Failed to execute job 101 for task load_model_task (could not convert string to float: 'C10001'; 7771)
[2023-09-17T20:32:49.126+0000] {local_task_job.py:208} INFO - Task exited with return code 1
[2023-09-17T20:32:49.144+0000] {taskinstance.py:2578} INFO - 0 downstream tasks scheduled from follow-on schedule check
